<?xml version="1.0" encoding="UTF-8"?>
<!-- Generated by org.testng.reporters.JUnitReportReporter -->
<testsuite hostname="test-PC" name="tests.SampleTest" tests="4" failures="0" timestamp="7 May 2017 08:47:42 GMT" time="15.018" errors="0">
  <testcase name="test2" time="3.016" classname="tests.SampleTest"/>
  <testcase name="test3" time="2.001" classname="tests.SampleTest"/>
  <testcase name="test5" time="5.000" classname="tests.SampleTest"/>
  <testcase name="test4" time="5.001" classname="tests.SampleTest"/>
</testsuite> <!-- tests.SampleTest -->
